The system is: Linux - 5.10.65-gdcc6bedb2c - aarch64
Compiling the C compiler identification source file "CMakeCCompilerId.c" succeeded.
Compiler: /usr/bin/cc 
Build flags: 
Id flags:  

The output was:
0


Compilation of the C compiler identification source "CMakeCCompilerId.c" produced "a.out"

The C compiler identification is GNU, found in "/opt/edge_ai_apps/apps_cpp/build/CMakeFiles/3.16.5/CompilerIdC/a.out"

Compiling the CXX compiler identification source file "CMakeCXXCompilerId.cpp" succeeded.
Compiler: /usr/bin/c++ 
Build flags: 
Id flags:  

The output was:
0


Compilation of the CXX compiler identification source "CMakeCXXCompilerId.cpp" produced "a.out"

The CXX compiler identification is GNU, found in "/opt/edge_ai_apps/apps_cpp/build/CMakeFiles/3.16.5/CompilerIdCXX/a.out"

Determining if the C compiler works passed with the following output:
Change Dir: /opt/edge_ai_apps/apps_cpp/build/CMakeFiles/CMakeTmp

Run Build Command(s):/usr/bin/make cmTC_58e22/fast && /usr/bin/make -f CMakeFiles/cmTC_58e22.dir/build.make CMakeFiles/cmTC_58e22.dir/build
make[1]: Entering directory '/opt/edge_ai_apps/apps_cpp/build/CMakeFiles/CMakeTmp'
Building C object CMakeFiles/cmTC_58e22.dir/testCCompiler.c.o
/usr/bin/cc    -o CMakeFiles/cmTC_58e22.dir/testCCompiler.c.o   -c /opt/edge_ai_apps/apps_cpp/build/CMakeFiles/CMakeTmp/testCCompiler.c
Linking C executable cmTC_58e22
/usr/bin/cmake -E cmake_link_script CMakeFiles/cmTC_58e22.dir/link.txt --verbose=1
/usr/bin/cc      CMakeFiles/cmTC_58e22.dir/testCCompiler.c.o  -o cmTC_58e22 
make[1]: Leaving directory '/opt/edge_ai_apps/apps_cpp/build/CMakeFiles/CMakeTmp'



Detecting C compiler ABI info compiled with the following output:
Change Dir: /opt/edge_ai_apps/apps_cpp/build/CMakeFiles/CMakeTmp

Run Build Command(s):/usr/bin/make cmTC_80d94/fast && /usr/bin/make -f CMakeFiles/cmTC_80d94.dir/build.make CMakeFiles/cmTC_80d94.dir/build
make[1]: Entering directory '/opt/edge_ai_apps/apps_cpp/build/CMakeFiles/CMakeTmp'
Building C object CMakeFiles/cmTC_80d94.dir/CMakeCCompilerABI.c.o
/usr/bin/cc   -v -o CMakeFiles/cmTC_80d94.dir/CMakeCCompilerABI.c.o   -c /usr/share/cmake-3.16/Modules/CMakeCCompilerABI.c
Using built-in specs.
COLLECT_GCC=/usr/bin/cc
Target: aarch64-linux
Configured with: ../../../../../../work-shared/gcc-arm-9.2-r2019.12/gcc-arm-src-snapshot-9.2-2019.12/configure --build=x86_64-linux --host=aarch64-linux --target=aarch64-linux --prefix=/usr --exec_prefix=/usr --bindir=/usr/bin --sbindir=/usr/sbin --libexecdir=/usr/libexec --datadir=/usr/share --sysconfdir=/etc --sharedstatedir=/com --localstatedir=/var --libdir=/usr/lib --includedir=/usr/include --oldincludedir=/usr/include --infodir=/usr/share/info --mandir=/usr/share/man --disable-silent-rules --disable-dependency-tracking --with-libtool-sysroot=/ --with-gnu-ld --enable-shared --enable-languages=c,c++ --enable-threads=posix --disable-multilib --enable-c99 --enable-long-long --enable-symvers=gnu --enable-libstdcxx-pch --program-prefix=aarch64-none-linux-gnu- --without-local-prefix --disable-install-libiberty --enable-lto --disable-libssp --enable-libitm --disable-bootstrap --disable-libmudflap --with-system-zlib --with-linker-hash-style=gnu --enable-linker-build-id --with-ppl=no --with-cloog=no --enable-checking=release --enable-cheaders=c_global --without-isl --with-build-sysroot=/ --enable-nls --with-glibc-version=2.28 --enable-initfini-array --enable-__cxa_atexit
Thread model: posix
gcc version 9.2.1 20191025 (GCC) 
COLLECT_GCC_OPTIONS='-v' '-o' 'CMakeFiles/cmTC_80d94.dir/CMakeCCompilerABI.c.o' '-c' '-mlittle-endian' '-mabi=lp64'
 /usr/libexec/gcc/aarch64-linux/9.2.1/cc1 -quiet -v /usr/share/cmake-3.16/Modules/CMakeCCompilerABI.c -quiet -dumpbase CMakeCCompilerABI.c -mlittle-endian -mabi=lp64 -auxbase-strip CMakeFiles/cmTC_80d94.dir/CMakeCCompilerABI.c.o -version -o /tmp/ccps0TnM.s
GNU C17 (GCC) version 9.2.1 20191025 (aarch64-linux)
	compiled by GNU C version 9.2.1 20191025, GMP version 6.2.0, MPFR version 4.0.2, MPC version 1.1.0, isl version none
GGC heuristics: --param ggc-min-expand=100 --param ggc-min-heapsize=131072
ignoring nonexistent directory "/usr/lib/aarch64-linux/9.2.1/include"
ignoring nonexistent directory "/usr/local/include"
ignoring nonexistent directory "/usr/lib/gcc/aarch64-linux/9.2.1/../../../../aarch64-linux/include"
#include "..." search starts here:
#include <...> search starts here:
 /usr/lib/gcc/aarch64-linux/9.2.1/include
 /usr/lib/gcc/aarch64-linux/9.2.1/include-fixed
 /usr/include
End of search list.
GNU C17 (GCC) version 9.2.1 20191025 (aarch64-linux)
	compiled by GNU C version 9.2.1 20191025, GMP version 6.2.0, MPFR version 4.0.2, MPC version 1.1.0, isl version none
GGC heuristics: --param ggc-min-expand=100 --param ggc-min-heapsize=131072
Compiler executable checksum: 23bd659ee2a2bcee2531435535c9827d
COLLECT_GCC_OPTIONS='-v' '-o' 'CMakeFiles/cmTC_80d94.dir/CMakeCCompilerABI.c.o' '-c' '-mlittle-endian' '-mabi=lp64'
 /usr/lib/gcc/aarch64-linux/9.2.1/../../../../aarch64-linux/bin/as -v -EL -mabi=lp64 -o CMakeFiles/cmTC_80d94.dir/CMakeCCompilerABI.c.o /tmp/ccps0TnM.s
GNU assembler version 2.34.0 (aarch64-linux) using BFD version (GNU Binutils) 2.34.0.20200220
COMPILER_PATH=/usr/libexec/gcc/aarch64-linux/9.2.1/:/usr/libexec/gcc/aarch64-linux/9.2.1/:/usr/libexec/gcc/aarch64-linux/:/usr/lib/gcc/aarch64-linux/9.2.1/:/usr/lib/gcc/aarch64-linux/:/usr/lib/gcc/aarch64-linux/9.2.1/../../../../aarch64-linux/bin/
LIBRARY_PATH=/usr/lib/gcc/aarch64-linux/9.2.1/:/usr/lib/gcc/aarch64-linux/9.2.1/../../../aarch64-linux/9.2.1/:/usr/lib/gcc/aarch64-linux/9.2.1/../../../:/lib/:/usr/lib/aarch64-linux/9.2.1/:/usr/lib/
COLLECT_GCC_OPTIONS='-v' '-o' 'CMakeFiles/cmTC_80d94.dir/CMakeCCompilerABI.c.o' '-c' '-mlittle-endian' '-mabi=lp64'
Linking C executable cmTC_80d94
/usr/bin/cmake -E cmake_link_script CMakeFiles/cmTC_80d94.dir/link.txt --verbose=1
/usr/bin/cc     -v CMakeFiles/cmTC_80d94.dir/CMakeCCompilerABI.c.o  -o cmTC_80d94 
Using built-in specs.
COLLECT_GCC=/usr/bin/cc
COLLECT_LTO_WRAPPER=/usr/libexec/gcc/aarch64-linux/9.2.1/lto-wrapper
Target: aarch64-linux
Configured with: ../../../../../../work-shared/gcc-arm-9.2-r2019.12/gcc-arm-src-snapshot-9.2-2019.12/configure --build=x86_64-linux --host=aarch64-linux --target=aarch64-linux --prefix=/usr --exec_prefix=/usr --bindir=/usr/bin --sbindir=/usr/sbin --libexecdir=/usr/libexec --datadir=/usr/share --sysconfdir=/etc --sharedstatedir=/com --localstatedir=/var --libdir=/usr/lib --includedir=/usr/include --oldincludedir=/usr/include --infodir=/usr/share/info --mandir=/usr/share/man --disable-silent-rules --disable-dependency-tracking --with-libtool-sysroot=/ --with-gnu-ld --enable-shared --enable-languages=c,c++ --enable-threads=posix --disable-multilib --enable-c99 --enable-long-long --enable-symvers=gnu --enable-libstdcxx-pch --program-prefix=aarch64-none-linux-gnu- --without-local-prefix --disable-install-libiberty --enable-lto --disable-libssp --enable-libitm --disable-bootstrap --disable-libmudflap --with-system-zlib --with-linker-hash-style=gnu --enable-linker-build-id --with-ppl=no --with-cloog=no --enable-checking=release --enable-cheaders=c_global --without-isl --with-build-sysroot=/ --enable-nls --with-glibc-version=2.28 --enable-initfini-array --enable-__cxa_atexit
Thread model: posix
gcc version 9.2.1 20191025 (GCC) 
COMPILER_PATH=/usr/libexec/gcc/aarch64-linux/9.2.1/:/usr/libexec/gcc/aarch64-linux/9.2.1/:/usr/libexec/gcc/aarch64-linux/:/usr/lib/gcc/aarch64-linux/9.2.1/:/usr/lib/gcc/aarch64-linux/:/usr/lib/gcc/aarch64-linux/9.2.1/../../../../aarch64-linux/bin/
LIBRARY_PATH=/usr/lib/gcc/aarch64-linux/9.2.1/:/usr/lib/gcc/aarch64-linux/9.2.1/../../../aarch64-linux/9.2.1/:/usr/lib/gcc/aarch64-linux/9.2.1/../../../:/lib/:/usr/lib/aarch64-linux/9.2.1/:/usr/lib/
COLLECT_GCC_OPTIONS='-v' '-o' 'cmTC_80d94' '-mlittle-endian' '-mabi=lp64'
 /usr/libexec/gcc/aarch64-linux/9.2.1/collect2 -plugin /usr/libexec/gcc/aarch64-linux/9.2.1/liblto_plugin.so -plugin-opt=/usr/libexec/gcc/aarch64-linux/9.2.1/lto-wrapper -plugin-opt=-fresolution=/tmp/ccoNS1u9.res -plugin-opt=-pass-through=-lgcc -plugin-opt=-pass-through=-lgcc_s -plugin-opt=-pass-through=-lc -plugin-opt=-pass-through=-lgcc -plugin-opt=-pass-through=-lgcc_s --build-id --eh-frame-hdr --hash-style=gnu -dynamic-linker /lib/ld-linux-aarch64.so.1 -X -EL -maarch64linux -o cmTC_80d94 /usr/lib/gcc/aarch64-linux/9.2.1/../../../crt1.o /usr/lib/gcc/aarch64-linux/9.2.1/../../../crti.o /usr/lib/gcc/aarch64-linux/9.2.1/../../../aarch64-linux/9.2.1/crtbegin.o -L/usr/lib/gcc/aarch64-linux/9.2.1 -L/usr/lib/gcc/aarch64-linux/9.2.1/../../../aarch64-linux/9.2.1 -L/usr/lib/gcc/aarch64-linux/9.2.1/../../.. -L/usr/lib/aarch64-linux/9.2.1 CMakeFiles/cmTC_80d94.dir/CMakeCCompilerABI.c.o -lgcc --push-state --as-needed -lgcc_s --pop-state -lc -lgcc --push-state --as-needed -lgcc_s --pop-state /usr/lib/gcc/aarch64-linux/9.2.1/../../../aarch64-linux/9.2.1/crtend.o /usr/lib/gcc/aarch64-linux/9.2.1/../../../crtn.o
COLLECT_GCC_OPTIONS='-v' '-o' 'cmTC_80d94' '-mlittle-endian' '-mabi=lp64'
make[1]: Leaving directory '/opt/edge_ai_apps/apps_cpp/build/CMakeFiles/CMakeTmp'



Parsed C implicit include dir info from above output: rv=done
  found start of include info
  found start of implicit include info
    add: [/usr/lib/gcc/aarch64-linux/9.2.1/include]
    add: [/usr/lib/gcc/aarch64-linux/9.2.1/include-fixed]
    add: [/usr/include]
  end of search list found
  collapse include dir [/usr/lib/gcc/aarch64-linux/9.2.1/include] ==> [/usr/lib/gcc/aarch64-linux/9.2.1/include]
  collapse include dir [/usr/lib/gcc/aarch64-linux/9.2.1/include-fixed] ==> [/usr/lib/gcc/aarch64-linux/9.2.1/include-fixed]
  collapse include dir [/usr/include] ==> [/usr/include]
  implicit include dirs: [/usr/lib/gcc/aarch64-linux/9.2.1/include;/usr/lib/gcc/aarch64-linux/9.2.1/include-fixed;/usr/include]


Parsed C implicit link information from above output:
  link line regex: [^( *|.*[/\])(ld|CMAKE_LINK_STARTFILE-NOTFOUND|([^/\]+-)?ld|collect2)[^/\]*( |$)]
  ignore line: [Change Dir: /opt/edge_ai_apps/apps_cpp/build/CMakeFiles/CMakeTmp]
  ignore line: []
  ignore line: [Run Build Command(s):/usr/bin/make cmTC_80d94/fast && /usr/bin/make -f CMakeFiles/cmTC_80d94.dir/build.make CMakeFiles/cmTC_80d94.dir/build]
  ignore line: [make[1]: Entering directory '/opt/edge_ai_apps/apps_cpp/build/CMakeFiles/CMakeTmp']
  ignore line: [Building C object CMakeFiles/cmTC_80d94.dir/CMakeCCompilerABI.c.o]
  ignore line: [/usr/bin/cc   -v -o CMakeFiles/cmTC_80d94.dir/CMakeCCompilerABI.c.o   -c /usr/share/cmake-3.16/Modules/CMakeCCompilerABI.c]
  ignore line: [Using built-in specs.]
  ignore line: [COLLECT_GCC=/usr/bin/cc]
  ignore line: [Target: aarch64-linux]
  ignore line: [Configured with: ../../../../../../work-shared/gcc-arm-9.2-r2019.12/gcc-arm-src-snapshot-9.2-2019.12/configure --build=x86_64-linux --host=aarch64-linux --target=aarch64-linux --prefix=/usr --exec_prefix=/usr --bindir=/usr/bin --sbindir=/usr/sbin --libexecdir=/usr/libexec --datadir=/usr/share --sysconfdir=/etc --sharedstatedir=/com --localstatedir=/var --libdir=/usr/lib --includedir=/usr/include --oldincludedir=/usr/include --infodir=/usr/share/info --mandir=/usr/share/man --disable-silent-rules --disable-dependency-tracking --with-libtool-sysroot=/ --with-gnu-ld --enable-shared --enable-languages=c,c++ --enable-threads=posix --disable-multilib --enable-c99 --enable-long-long --enable-symvers=gnu --enable-libstdcxx-pch --program-prefix=aarch64-none-linux-gnu- --without-local-prefix --disable-install-libiberty --enable-lto --disable-libssp --enable-libitm --disable-bootstrap --disable-libmudflap --with-system-zlib --with-linker-hash-style=gnu --enable-linker-build-id --with-ppl=no --with-cloog=no --enable-checking=release --enable-cheaders=c_global --without-isl --with-build-sysroot=/ --enable-nls --with-glibc-version=2.28 --enable-initfini-array --enable-__cxa_atexit]
  ignore line: [Thread model: posix]
  ignore line: [gcc version 9.2.1 20191025 (GCC) ]
  ignore line: [COLLECT_GCC_OPTIONS='-v' '-o' 'CMakeFiles/cmTC_80d94.dir/CMakeCCompilerABI.c.o' '-c' '-mlittle-endian' '-mabi=lp64']
  ignore line: [ /usr/libexec/gcc/aarch64-linux/9.2.1/cc1 -quiet -v /usr/share/cmake-3.16/Modules/CMakeCCompilerABI.c -quiet -dumpbase CMakeCCompilerABI.c -mlittle-endian -mabi=lp64 -auxbase-strip CMakeFiles/cmTC_80d94.dir/CMakeCCompilerABI.c.o -version -o /tmp/ccps0TnM.s]
  ignore line: [GNU C17 (GCC) version 9.2.1 20191025 (aarch64-linux)]
  ignore line: [	compiled by GNU C version 9.2.1 20191025  GMP version 6.2.0  MPFR version 4.0.2  MPC version 1.1.0  isl version none]
  ignore line: [GGC heuristics: --param ggc-min-expand=100 --param ggc-min-heapsize=131072]
  ignore line: [ignoring nonexistent directory "/usr/lib/aarch64-linux/9.2.1/include"]
  ignore line: [ignoring nonexistent directory "/usr/local/include"]
  ignore line: [ignoring nonexistent directory "/usr/lib/gcc/aarch64-linux/9.2.1/../../../../aarch64-linux/include"]
  ignore line: [#include "..." search starts here:]
  ignore line: [#include <...> search starts here:]
  ignore line: [ /usr/lib/gcc/aarch64-linux/9.2.1/include]
  ignore line: [ /usr/lib/gcc/aarch64-linux/9.2.1/include-fixed]
  ignore line: [ /usr/include]
  ignore line: [End of search list.]
  ignore line: [GNU C17 (GCC) version 9.2.1 20191025 (aarch64-linux)]
  ignore line: [	compiled by GNU C version 9.2.1 20191025  GMP version 6.2.0  MPFR version 4.0.2  MPC version 1.1.0  isl version none]
  ignore line: [GGC heuristics: --param ggc-min-expand=100 --param ggc-min-heapsize=131072]
  ignore line: [Compiler executable checksum: 23bd659ee2a2bcee2531435535c9827d]
  ignore line: [COLLECT_GCC_OPTIONS='-v' '-o' 'CMakeFiles/cmTC_80d94.dir/CMakeCCompilerABI.c.o' '-c' '-mlittle-endian' '-mabi=lp64']
  ignore line: [ /usr/lib/gcc/aarch64-linux/9.2.1/../../../../aarch64-linux/bin/as -v -EL -mabi=lp64 -o CMakeFiles/cmTC_80d94.dir/CMakeCCompilerABI.c.o /tmp/ccps0TnM.s]
  ignore line: [GNU assembler version 2.34.0 (aarch64-linux) using BFD version (GNU Binutils) 2.34.0.20200220]
  ignore line: [COMPILER_PATH=/usr/libexec/gcc/aarch64-linux/9.2.1/:/usr/libexec/gcc/aarch64-linux/9.2.1/:/usr/libexec/gcc/aarch64-linux/:/usr/lib/gcc/aarch64-linux/9.2.1/:/usr/lib/gcc/aarch64-linux/:/usr/lib/gcc/aarch64-linux/9.2.1/../../../../aarch64-linux/bin/]
  ignore line: [LIBRARY_PATH=/usr/lib/gcc/aarch64-linux/9.2.1/:/usr/lib/gcc/aarch64-linux/9.2.1/../../../aarch64-linux/9.2.1/:/usr/lib/gcc/aarch64-linux/9.2.1/../../../:/lib/:/usr/lib/aarch64-linux/9.2.1/:/usr/lib/]
  ignore line: [COLLECT_GCC_OPTIONS='-v' '-o' 'CMakeFiles/cmTC_80d94.dir/CMakeCCompilerABI.c.o' '-c' '-mlittle-endian' '-mabi=lp64']
  ignore line: [Linking C executable cmTC_80d94]
  ignore line: [/usr/bin/cmake -E cmake_link_script CMakeFiles/cmTC_80d94.dir/link.txt --verbose=1]
  ignore line: [/usr/bin/cc     -v CMakeFiles/cmTC_80d94.dir/CMakeCCompilerABI.c.o  -o cmTC_80d94 ]
  ignore line: [Using built-in specs.]
  ignore line: [COLLECT_GCC=/usr/bin/cc]
  ignore line: [COLLECT_LTO_WRAPPER=/usr/libexec/gcc/aarch64-linux/9.2.1/lto-wrapper]
  ignore line: [Target: aarch64-linux]
  ignore line: [Configured with: ../../../../../../work-shared/gcc-arm-9.2-r2019.12/gcc-arm-src-snapshot-9.2-2019.12/configure --build=x86_64-linux --host=aarch64-linux --target=aarch64-linux --prefix=/usr --exec_prefix=/usr --bindir=/usr/bin --sbindir=/usr/sbin --libexecdir=/usr/libexec --datadir=/usr/share --sysconfdir=/etc --sharedstatedir=/com --localstatedir=/var --libdir=/usr/lib --includedir=/usr/include --oldincludedir=/usr/include --infodir=/usr/share/info --mandir=/usr/share/man --disable-silent-rules --disable-dependency-tracking --with-libtool-sysroot=/ --with-gnu-ld --enable-shared --enable-languages=c,c++ --enable-threads=posix --disable-multilib --enable-c99 --enable-long-long --enable-symvers=gnu --enable-libstdcxx-pch --program-prefix=aarch64-none-linux-gnu- --without-local-prefix --disable-install-libiberty --enable-lto --disable-libssp --enable-libitm --disable-bootstrap --disable-libmudflap --with-system-zlib --with-linker-hash-style=gnu --enable-linker-build-id --with-ppl=no --with-cloog=no --enable-checking=release --enable-cheaders=c_global --without-isl --with-build-sysroot=/ --enable-nls --with-glibc-version=2.28 --enable-initfini-array --enable-__cxa_atexit]
  ignore line: [Thread model: posix]
  ignore line: [gcc version 9.2.1 20191025 (GCC) ]
  ignore line: [COMPILER_PATH=/usr/libexec/gcc/aarch64-linux/9.2.1/:/usr/libexec/gcc/aarch64-linux/9.2.1/:/usr/libexec/gcc/aarch64-linux/:/usr/lib/gcc/aarch64-linux/9.2.1/:/usr/lib/gcc/aarch64-linux/:/usr/lib/gcc/aarch64-linux/9.2.1/../../../../aarch64-linux/bin/]
  ignore line: [LIBRARY_PATH=/usr/lib/gcc/aarch64-linux/9.2.1/:/usr/lib/gcc/aarch64-linux/9.2.1/../../../aarch64-linux/9.2.1/:/usr/lib/gcc/aarch64-linux/9.2.1/../../../:/lib/:/usr/lib/aarch64-linux/9.2.1/:/usr/lib/]
  ignore line: [COLLECT_GCC_OPTIONS='-v' '-o' 'cmTC_80d94' '-mlittle-endian' '-mabi=lp64']
  link line: [ /usr/libexec/gcc/aarch64-linux/9.2.1/collect2 -plugin /usr/libexec/gcc/aarch64-linux/9.2.1/liblto_plugin.so -plugin-opt=/usr/libexec/gcc/aarch64-linux/9.2.1/lto-wrapper -plugin-opt=-fresolution=/tmp/ccoNS1u9.res -plugin-opt=-pass-through=-lgcc -plugin-opt=-pass-through=-lgcc_s -plugin-opt=-pass-through=-lc -plugin-opt=-pass-through=-lgcc -plugin-opt=-pass-through=-lgcc_s --build-id --eh-frame-hdr --hash-style=gnu -dynamic-linker /lib/ld-linux-aarch64.so.1 -X -EL -maarch64linux -o cmTC_80d94 /usr/lib/gcc/aarch64-linux/9.2.1/../../../crt1.o /usr/lib/gcc/aarch64-linux/9.2.1/../../../crti.o /usr/lib/gcc/aarch64-linux/9.2.1/../../../aarch64-linux/9.2.1/crtbegin.o -L/usr/lib/gcc/aarch64-linux/9.2.1 -L/usr/lib/gcc/aarch64-linux/9.2.1/../../../aarch64-linux/9.2.1 -L/usr/lib/gcc/aarch64-linux/9.2.1/../../.. -L/usr/lib/aarch64-linux/9.2.1 CMakeFiles/cmTC_80d94.dir/CMakeCCompilerABI.c.o -lgcc --push-state --as-needed -lgcc_s --pop-state -lc -lgcc --push-state --as-needed -lgcc_s --pop-state /usr/lib/gcc/aarch64-linux/9.2.1/../../../aarch64-linux/9.2.1/crtend.o /usr/lib/gcc/aarch64-linux/9.2.1/../../../crtn.o]
    arg [/usr/libexec/gcc/aarch64-linux/9.2.1/collect2] ==> ignore
    arg [-plugin] ==> ignore
    arg [/usr/libexec/gcc/aarch64-linux/9.2.1/liblto_plugin.so] ==> ignore
    arg [-plugin-opt=/usr/libexec/gcc/aarch64-linux/9.2.1/lto-wrapper] ==> ignore
    arg [-plugin-opt=-fresolution=/tmp/ccoNS1u9.res] ==> ignore
    arg [-plugin-opt=-pass-through=-lgcc] ==> ignore
    arg [-plugin-opt=-pass-through=-lgcc_s] ==> ignore
    arg [-plugin-opt=-pass-through=-lc] ==> ignore
    arg [-plugin-opt=-pass-through=-lgcc] ==> ignore
    arg [-plugin-opt=-pass-through=-lgcc_s] ==> ignore
    arg [--build-id] ==> ignore
    arg [--eh-frame-hdr] ==> ignore
    arg [--hash-style=gnu] ==> ignore
    arg [-dynamic-linker] ==> ignore
    arg [/lib/ld-linux-aarch64.so.1] ==> ignore
    arg [-X] ==> ignore
    arg [-EL] ==> ignore
    arg [-maarch64linux] ==> ignore
    arg [-o] ==> ignore
    arg [cmTC_80d94] ==> ignore
    arg [/usr/lib/gcc/aarch64-linux/9.2.1/../../../crt1.o] ==> ignore
    arg [/usr/lib/gcc/aarch64-linux/9.2.1/../../../crti.o] ==> ignore
    arg [/usr/lib/gcc/aarch64-linux/9.2.1/../../../aarch64-linux/9.2.1/crtbegin.o] ==> ignore
    arg [-L/usr/lib/gcc/aarch64-linux/9.2.1] ==> dir [/usr/lib/gcc/aarch64-linux/9.2.1]
    arg [-L/usr/lib/gcc/aarch64-linux/9.2.1/../../../aarch64-linux/9.2.1] ==> dir [/usr/lib/gcc/aarch64-linux/9.2.1/../../../aarch64-linux/9.2.1]
    arg [-L/usr/lib/gcc/aarch64-linux/9.2.1/../../..] ==> dir [/usr/lib/gcc/aarch64-linux/9.2.1/../../..]
    arg [-L/usr/lib/aarch64-linux/9.2.1] ==> dir [/usr/lib/aarch64-linux/9.2.1]
    arg [CMakeFiles/cmTC_80d94.dir/CMakeCCompilerABI.c.o] ==> ignore
    arg [-lgcc] ==> lib [gcc]
    arg [--push-state] ==> ignore
    arg [--as-needed] ==> ignore
    arg [-lgcc_s] ==> lib [gcc_s]
    arg [--pop-state] ==> ignore
    arg [-lc] ==> lib [c]
    arg [-lgcc] ==> lib [gcc]
    arg [--push-state] ==> ignore
    arg [--as-needed] ==> ignore
    arg [-lgcc_s] ==> lib [gcc_s]
    arg [--pop-state] ==> ignore
    arg [/usr/lib/gcc/aarch64-linux/9.2.1/../../../aarch64-linux/9.2.1/crtend.o] ==> ignore
    arg [/usr/lib/gcc/aarch64-linux/9.2.1/../../../crtn.o] ==> ignore
  collapse library dir [/usr/lib/gcc/aarch64-linux/9.2.1] ==> [/usr/lib/gcc/aarch64-linux/9.2.1]
  collapse library dir [/usr/lib/gcc/aarch64-linux/9.2.1/../../../aarch64-linux/9.2.1] ==> [/usr/lib/aarch64-linux/9.2.1]
  collapse library dir [/usr/lib/gcc/aarch64-linux/9.2.1/../../..] ==> [/usr/lib]
  collapse library dir [/usr/lib/aarch64-linux/9.2.1] ==> [/usr/lib/aarch64-linux/9.2.1]
  implicit libs: [gcc;gcc_s;c;gcc;gcc_s]
  implicit dirs: [/usr/lib/gcc/aarch64-linux/9.2.1;/usr/lib/aarch64-linux/9.2.1;/usr/lib]
  implicit fwks: []


Determining if the CXX compiler works passed with the following output:
Change Dir: /opt/edge_ai_apps/apps_cpp/build/CMakeFiles/CMakeTmp

Run Build Command(s):/usr/bin/make cmTC_3d435/fast && /usr/bin/make -f CMakeFiles/cmTC_3d435.dir/build.make CMakeFiles/cmTC_3d435.dir/build
make[1]: Entering directory '/opt/edge_ai_apps/apps_cpp/build/CMakeFiles/CMakeTmp'
Building CXX object CMakeFiles/cmTC_3d435.dir/testCXXCompiler.cxx.o
/usr/bin/c++     -o CMakeFiles/cmTC_3d435.dir/testCXXCompiler.cxx.o -c /opt/edge_ai_apps/apps_cpp/build/CMakeFiles/CMakeTmp/testCXXCompiler.cxx
Linking CXX executable cmTC_3d435
/usr/bin/cmake -E cmake_link_script CMakeFiles/cmTC_3d435.dir/link.txt --verbose=1
/usr/bin/c++       CMakeFiles/cmTC_3d435.dir/testCXXCompiler.cxx.o  -o cmTC_3d435 
make[1]: Leaving directory '/opt/edge_ai_apps/apps_cpp/build/CMakeFiles/CMakeTmp'



Detecting CXX compiler ABI info compiled with the following output:
Change Dir: /opt/edge_ai_apps/apps_cpp/build/CMakeFiles/CMakeTmp

Run Build Command(s):/usr/bin/make cmTC_3a169/fast && /usr/bin/make -f CMakeFiles/cmTC_3a169.dir/build.make CMakeFiles/cmTC_3a169.dir/build
make[1]: Entering directory '/opt/edge_ai_apps/apps_cpp/build/CMakeFiles/CMakeTmp'
Building CXX object CMakeFiles/cmTC_3a169.dir/CMakeCXXCompilerABI.cpp.o
/usr/bin/c++    -v -o CMakeFiles/cmTC_3a169.dir/CMakeCXXCompilerABI.cpp.o -c /usr/share/cmake-3.16/Modules/CMakeCXXCompilerABI.cpp
Using built-in specs.
COLLECT_GCC=/usr/bin/c++
Target: aarch64-linux
Configured with: ../../../../../../work-shared/gcc-arm-9.2-r2019.12/gcc-arm-src-snapshot-9.2-2019.12/configure --build=x86_64-linux --host=aarch64-linux --target=aarch64-linux --prefix=/usr --exec_prefix=/usr --bindir=/usr/bin --sbindir=/usr/sbin --libexecdir=/usr/libexec --datadir=/usr/share --sysconfdir=/etc --sharedstatedir=/com --localstatedir=/var --libdir=/usr/lib --includedir=/usr/include --oldincludedir=/usr/include --infodir=/usr/share/info --mandir=/usr/share/man --disable-silent-rules --disable-dependency-tracking --with-libtool-sysroot=/ --with-gnu-ld --enable-shared --enable-languages=c,c++ --enable-threads=posix --disable-multilib --enable-c99 --enable-long-long --enable-symvers=gnu --enable-libstdcxx-pch --program-prefix=aarch64-none-linux-gnu- --without-local-prefix --disable-install-libiberty --enable-lto --disable-libssp --enable-libitm --disable-bootstrap --disable-libmudflap --with-system-zlib --with-linker-hash-style=gnu --enable-linker-build-id --with-ppl=no --with-cloog=no --enable-checking=release --enable-cheaders=c_global --without-isl --with-build-sysroot=/ --enable-nls --with-glibc-version=2.28 --enable-initfini-array --enable-__cxa_atexit
Thread model: posix
gcc version 9.2.1 20191025 (GCC) 
COLLECT_GCC_OPTIONS='-v' '-o' 'CMakeFiles/cmTC_3a169.dir/CMakeCXXCompilerABI.cpp.o' '-c' '-shared-libgcc' '-mlittle-endian' '-mabi=lp64'
 /usr/libexec/gcc/aarch64-linux/9.2.1/cc1plus -quiet -v -D_GNU_SOURCE /usr/share/cmake-3.16/Modules/CMakeCXXCompilerABI.cpp -quiet -dumpbase CMakeCXXCompilerABI.cpp -mlittle-endian -mabi=lp64 -auxbase-strip CMakeFiles/cmTC_3a169.dir/CMakeCXXCompilerABI.cpp.o -version -o /tmp/ccwEzS8n.s
GNU C++14 (GCC) version 9.2.1 20191025 (aarch64-linux)
	compiled by GNU C version 9.2.1 20191025, GMP version 6.2.0, MPFR version 4.0.2, MPC version 1.1.0, isl version none
GGC heuristics: --param ggc-min-expand=100 --param ggc-min-heapsize=131072
ignoring nonexistent directory "/usr/lib/aarch64-linux/9.2.1/include"
ignoring nonexistent directory "/usr/local/include"
ignoring nonexistent directory "/usr/lib/gcc/aarch64-linux/9.2.1/../../../../aarch64-linux/include"
#include "..." search starts here:
#include <...> search starts here:
 /usr/lib/gcc/aarch64-linux/9.2.1/../../../../include/c++/9.2.1
 /usr/lib/gcc/aarch64-linux/9.2.1/../../../../include/c++/9.2.1/aarch64-linux
 /usr/lib/gcc/aarch64-linux/9.2.1/../../../../include/c++/9.2.1/backward
 /usr/lib/gcc/aarch64-linux/9.2.1/include
 /usr/lib/gcc/aarch64-linux/9.2.1/include-fixed
 /usr/include
End of search list.
GNU C++14 (GCC) version 9.2.1 20191025 (aarch64-linux)
	compiled by GNU C version 9.2.1 20191025, GMP version 6.2.0, MPFR version 4.0.2, MPC version 1.1.0, isl version none
GGC heuristics: --param ggc-min-expand=100 --param ggc-min-heapsize=131072
Compiler executable checksum: 680b76baab83dbd81e3b6b7cce21b5a0
COLLECT_GCC_OPTIONS='-v' '-o' 'CMakeFiles/cmTC_3a169.dir/CMakeCXXCompilerABI.cpp.o' '-c' '-shared-libgcc' '-mlittle-endian' '-mabi=lp64'
 /usr/lib/gcc/aarch64-linux/9.2.1/../../../../aarch64-linux/bin/as -v -EL -mabi=lp64 -o CMakeFiles/cmTC_3a169.dir/CMakeCXXCompilerABI.cpp.o /tmp/ccwEzS8n.s
GNU assembler version 2.34.0 (aarch64-linux) using BFD version (GNU Binutils) 2.34.0.20200220
COMPILER_PATH=/usr/libexec/gcc/aarch64-linux/9.2.1/:/usr/libexec/gcc/aarch64-linux/9.2.1/:/usr/libexec/gcc/aarch64-linux/:/usr/lib/gcc/aarch64-linux/9.2.1/:/usr/lib/gcc/aarch64-linux/:/usr/lib/gcc/aarch64-linux/9.2.1/../../../../aarch64-linux/bin/
LIBRARY_PATH=/usr/lib/gcc/aarch64-linux/9.2.1/:/usr/lib/gcc/aarch64-linux/9.2.1/../../../aarch64-linux/9.2.1/:/usr/lib/gcc/aarch64-linux/9.2.1/../../../:/lib/:/usr/lib/aarch64-linux/9.2.1/:/usr/lib/
COLLECT_GCC_OPTIONS='-v' '-o' 'CMakeFiles/cmTC_3a169.dir/CMakeCXXCompilerABI.cpp.o' '-c' '-shared-libgcc' '-mlittle-endian' '-mabi=lp64'
Linking CXX executable cmTC_3a169
/usr/bin/cmake -E cmake_link_script CMakeFiles/cmTC_3a169.dir/link.txt --verbose=1
/usr/bin/c++      -v CMakeFiles/cmTC_3a169.dir/CMakeCXXCompilerABI.cpp.o  -o cmTC_3a169 
Using built-in specs.
COLLECT_GCC=/usr/bin/c++
COLLECT_LTO_WRAPPER=/usr/libexec/gcc/aarch64-linux/9.2.1/lto-wrapper
Target: aarch64-linux
Configured with: ../../../../../../work-shared/gcc-arm-9.2-r2019.12/gcc-arm-src-snapshot-9.2-2019.12/configure --build=x86_64-linux --host=aarch64-linux --target=aarch64-linux --prefix=/usr --exec_prefix=/usr --bindir=/usr/bin --sbindir=/usr/sbin --libexecdir=/usr/libexec --datadir=/usr/share --sysconfdir=/etc --sharedstatedir=/com --localstatedir=/var --libdir=/usr/lib --includedir=/usr/include --oldincludedir=/usr/include --infodir=/usr/share/info --mandir=/usr/share/man --disable-silent-rules --disable-dependency-tracking --with-libtool-sysroot=/ --with-gnu-ld --enable-shared --enable-languages=c,c++ --enable-threads=posix --disable-multilib --enable-c99 --enable-long-long --enable-symvers=gnu --enable-libstdcxx-pch --program-prefix=aarch64-none-linux-gnu- --without-local-prefix --disable-install-libiberty --enable-lto --disable-libssp --enable-libitm --disable-bootstrap --disable-libmudflap --with-system-zlib --with-linker-hash-style=gnu --enable-linker-build-id --with-ppl=no --with-cloog=no --enable-checking=release --enable-cheaders=c_global --without-isl --with-build-sysroot=/ --enable-nls --with-glibc-version=2.28 --enable-initfini-array --enable-__cxa_atexit
Thread model: posix
gcc version 9.2.1 20191025 (GCC) 
COMPILER_PATH=/usr/libexec/gcc/aarch64-linux/9.2.1/:/usr/libexec/gcc/aarch64-linux/9.2.1/:/usr/libexec/gcc/aarch64-linux/:/usr/lib/gcc/aarch64-linux/9.2.1/:/usr/lib/gcc/aarch64-linux/:/usr/lib/gcc/aarch64-linux/9.2.1/../../../../aarch64-linux/bin/
LIBRARY_PATH=/usr/lib/gcc/aarch64-linux/9.2.1/:/usr/lib/gcc/aarch64-linux/9.2.1/../../../aarch64-linux/9.2.1/:/usr/lib/gcc/aarch64-linux/9.2.1/../../../:/lib/:/usr/lib/aarch64-linux/9.2.1/:/usr/lib/
COLLECT_GCC_OPTIONS='-v' '-o' 'cmTC_3a169' '-shared-libgcc' '-mlittle-endian' '-mabi=lp64'
 /usr/libexec/gcc/aarch64-linux/9.2.1/collect2 -plugin /usr/libexec/gcc/aarch64-linux/9.2.1/liblto_plugin.so -plugin-opt=/usr/libexec/gcc/aarch64-linux/9.2.1/lto-wrapper -plugin-opt=-fresolution=/tmp/cchciOlM.res -plugin-opt=-pass-through=-lgcc_s -plugin-opt=-pass-through=-lgcc -plugin-opt=-pass-through=-lc -plugin-opt=-pass-through=-lgcc_s -plugin-opt=-pass-through=-lgcc --build-id --eh-frame-hdr --hash-style=gnu -dynamic-linker /lib/ld-linux-aarch64.so.1 -X -EL -maarch64linux -o cmTC_3a169 /usr/lib/gcc/aarch64-linux/9.2.1/../../../crt1.o /usr/lib/gcc/aarch64-linux/9.2.1/../../../crti.o /usr/lib/gcc/aarch64-linux/9.2.1/../../../aarch64-linux/9.2.1/crtbegin.o -L/usr/lib/gcc/aarch64-linux/9.2.1 -L/usr/lib/gcc/aarch64-linux/9.2.1/../../../aarch64-linux/9.2.1 -L/usr/lib/gcc/aarch64-linux/9.2.1/../../.. -L/usr/lib/aarch64-linux/9.2.1 CMakeFiles/cmTC_3a169.dir/CMakeCXXCompilerABI.cpp.o -lstdc++ -lm -lgcc_s -lgcc -lc -lgcc_s -lgcc /usr/lib/gcc/aarch64-linux/9.2.1/../../../aarch64-linux/9.2.1/crtend.o /usr/lib/gcc/aarch64-linux/9.2.1/../../../crtn.o
COLLECT_GCC_OPTIONS='-v' '-o' 'cmTC_3a169' '-shared-libgcc' '-mlittle-endian' '-mabi=lp64'
make[1]: Leaving directory '/opt/edge_ai_apps/apps_cpp/build/CMakeFiles/CMakeTmp'



Parsed CXX implicit include dir info from above output: rv=done
  found start of include info
  found start of implicit include info
    add: [/usr/lib/gcc/aarch64-linux/9.2.1/../../../../include/c++/9.2.1]
    add: [/usr/lib/gcc/aarch64-linux/9.2.1/../../../../include/c++/9.2.1/aarch64-linux]
    add: [/usr/lib/gcc/aarch64-linux/9.2.1/../../../../include/c++/9.2.1/backward]
    add: [/usr/lib/gcc/aarch64-linux/9.2.1/include]
    add: [/usr/lib/gcc/aarch64-linux/9.2.1/include-fixed]
    add: [/usr/include]
  end of search list found
  collapse include dir [/usr/lib/gcc/aarch64-linux/9.2.1/../../../../include/c++/9.2.1] ==> [/usr/include/c++/9.2.1]
  collapse include dir [/usr/lib/gcc/aarch64-linux/9.2.1/../../../../include/c++/9.2.1/aarch64-linux] ==> [/usr/include/c++/9.2.1/aarch64-linux]
  collapse include dir [/usr/lib/gcc/aarch64-linux/9.2.1/../../../../include/c++/9.2.1/backward] ==> [/usr/include/c++/9.2.1/backward]
  collapse include dir [/usr/lib/gcc/aarch64-linux/9.2.1/include] ==> [/usr/lib/gcc/aarch64-linux/9.2.1/include]
  collapse include dir [/usr/lib/gcc/aarch64-linux/9.2.1/include-fixed] ==> [/usr/lib/gcc/aarch64-linux/9.2.1/include-fixed]
  collapse include dir [/usr/include] ==> [/usr/include]
  implicit include dirs: [/usr/include/c++/9.2.1;/usr/include/c++/9.2.1/aarch64-linux;/usr/include/c++/9.2.1/backward;/usr/lib/gcc/aarch64-linux/9.2.1/include;/usr/lib/gcc/aarch64-linux/9.2.1/include-fixed;/usr/include]


Parsed CXX implicit link information from above output:
  link line regex: [^( *|.*[/\])(ld|CMAKE_LINK_STARTFILE-NOTFOUND|([^/\]+-)?ld|collect2)[^/\]*( |$)]
  ignore line: [Change Dir: /opt/edge_ai_apps/apps_cpp/build/CMakeFiles/CMakeTmp]
  ignore line: []
  ignore line: [Run Build Command(s):/usr/bin/make cmTC_3a169/fast && /usr/bin/make -f CMakeFiles/cmTC_3a169.dir/build.make CMakeFiles/cmTC_3a169.dir/build]
  ignore line: [make[1]: Entering directory '/opt/edge_ai_apps/apps_cpp/build/CMakeFiles/CMakeTmp']
  ignore line: [Building CXX object CMakeFiles/cmTC_3a169.dir/CMakeCXXCompilerABI.cpp.o]
  ignore line: [/usr/bin/c++    -v -o CMakeFiles/cmTC_3a169.dir/CMakeCXXCompilerABI.cpp.o -c /usr/share/cmake-3.16/Modules/CMakeCXXCompilerABI.cpp]
  ignore line: [Using built-in specs.]
  ignore line: [COLLECT_GCC=/usr/bin/c++]
  ignore line: [Target: aarch64-linux]
  ignore line: [Configured with: ../../../../../../work-shared/gcc-arm-9.2-r2019.12/gcc-arm-src-snapshot-9.2-2019.12/configure --build=x86_64-linux --host=aarch64-linux --target=aarch64-linux --prefix=/usr --exec_prefix=/usr --bindir=/usr/bin --sbindir=/usr/sbin --libexecdir=/usr/libexec --datadir=/usr/share --sysconfdir=/etc --sharedstatedir=/com --localstatedir=/var --libdir=/usr/lib --includedir=/usr/include --oldincludedir=/usr/include --infodir=/usr/share/info --mandir=/usr/share/man --disable-silent-rules --disable-dependency-tracking --with-libtool-sysroot=/ --with-gnu-ld --enable-shared --enable-languages=c,c++ --enable-threads=posix --disable-multilib --enable-c99 --enable-long-long --enable-symvers=gnu --enable-libstdcxx-pch --program-prefix=aarch64-none-linux-gnu- --without-local-prefix --disable-install-libiberty --enable-lto --disable-libssp --enable-libitm --disable-bootstrap --disable-libmudflap --with-system-zlib --with-linker-hash-style=gnu --enable-linker-build-id --with-ppl=no --with-cloog=no --enable-checking=release --enable-cheaders=c_global --without-isl --with-build-sysroot=/ --enable-nls --with-glibc-version=2.28 --enable-initfini-array --enable-__cxa_atexit]
  ignore line: [Thread model: posix]
  ignore line: [gcc version 9.2.1 20191025 (GCC) ]
  ignore line: [COLLECT_GCC_OPTIONS='-v' '-o' 'CMakeFiles/cmTC_3a169.dir/CMakeCXXCompilerABI.cpp.o' '-c' '-shared-libgcc' '-mlittle-endian' '-mabi=lp64']
  ignore line: [ /usr/libexec/gcc/aarch64-linux/9.2.1/cc1plus -quiet -v -D_GNU_SOURCE /usr/share/cmake-3.16/Modules/CMakeCXXCompilerABI.cpp -quiet -dumpbase CMakeCXXCompilerABI.cpp -mlittle-endian -mabi=lp64 -auxbase-strip CMakeFiles/cmTC_3a169.dir/CMakeCXXCompilerABI.cpp.o -version -o /tmp/ccwEzS8n.s]
  ignore line: [GNU C++14 (GCC) version 9.2.1 20191025 (aarch64-linux)]
  ignore line: [	compiled by GNU C version 9.2.1 20191025  GMP version 6.2.0  MPFR version 4.0.2  MPC version 1.1.0  isl version none]
  ignore line: [GGC heuristics: --param ggc-min-expand=100 --param ggc-min-heapsize=131072]
  ignore line: [ignoring nonexistent directory "/usr/lib/aarch64-linux/9.2.1/include"]
  ignore line: [ignoring nonexistent directory "/usr/local/include"]
  ignore line: [ignoring nonexistent directory "/usr/lib/gcc/aarch64-linux/9.2.1/../../../../aarch64-linux/include"]
  ignore line: [#include "..." search starts here:]
  ignore line: [#include <...> search starts here:]
  ignore line: [ /usr/lib/gcc/aarch64-linux/9.2.1/../../../../include/c++/9.2.1]
  ignore line: [ /usr/lib/gcc/aarch64-linux/9.2.1/../../../../include/c++/9.2.1/aarch64-linux]
  ignore line: [ /usr/lib/gcc/aarch64-linux/9.2.1/../../../../include/c++/9.2.1/backward]
  ignore line: [ /usr/lib/gcc/aarch64-linux/9.2.1/include]
  ignore line: [ /usr/lib/gcc/aarch64-linux/9.2.1/include-fixed]
  ignore line: [ /usr/include]
  ignore line: [End of search list.]
  ignore line: [GNU C++14 (GCC) version 9.2.1 20191025 (aarch64-linux)]
  ignore line: [	compiled by GNU C version 9.2.1 20191025  GMP version 6.2.0  MPFR version 4.0.2  MPC version 1.1.0  isl version none]
  ignore line: [GGC heuristics: --param ggc-min-expand=100 --param ggc-min-heapsize=131072]
  ignore line: [Compiler executable checksum: 680b76baab83dbd81e3b6b7cce21b5a0]
  ignore line: [COLLECT_GCC_OPTIONS='-v' '-o' 'CMakeFiles/cmTC_3a169.dir/CMakeCXXCompilerABI.cpp.o' '-c' '-shared-libgcc' '-mlittle-endian' '-mabi=lp64']
  ignore line: [ /usr/lib/gcc/aarch64-linux/9.2.1/../../../../aarch64-linux/bin/as -v -EL -mabi=lp64 -o CMakeFiles/cmTC_3a169.dir/CMakeCXXCompilerABI.cpp.o /tmp/ccwEzS8n.s]
  ignore line: [GNU assembler version 2.34.0 (aarch64-linux) using BFD version (GNU Binutils) 2.34.0.20200220]
  ignore line: [COMPILER_PATH=/usr/libexec/gcc/aarch64-linux/9.2.1/:/usr/libexec/gcc/aarch64-linux/9.2.1/:/usr/libexec/gcc/aarch64-linux/:/usr/lib/gcc/aarch64-linux/9.2.1/:/usr/lib/gcc/aarch64-linux/:/usr/lib/gcc/aarch64-linux/9.2.1/../../../../aarch64-linux/bin/]
  ignore line: [LIBRARY_PATH=/usr/lib/gcc/aarch64-linux/9.2.1/:/usr/lib/gcc/aarch64-linux/9.2.1/../../../aarch64-linux/9.2.1/:/usr/lib/gcc/aarch64-linux/9.2.1/../../../:/lib/:/usr/lib/aarch64-linux/9.2.1/:/usr/lib/]
  ignore line: [COLLECT_GCC_OPTIONS='-v' '-o' 'CMakeFiles/cmTC_3a169.dir/CMakeCXXCompilerABI.cpp.o' '-c' '-shared-libgcc' '-mlittle-endian' '-mabi=lp64']
  ignore line: [Linking CXX executable cmTC_3a169]
  ignore line: [/usr/bin/cmake -E cmake_link_script CMakeFiles/cmTC_3a169.dir/link.txt --verbose=1]
  ignore line: [/usr/bin/c++      -v CMakeFiles/cmTC_3a169.dir/CMakeCXXCompilerABI.cpp.o  -o cmTC_3a169 ]
  ignore line: [Using built-in specs.]
  ignore line: [COLLECT_GCC=/usr/bin/c++]
  ignore line: [COLLECT_LTO_WRAPPER=/usr/libexec/gcc/aarch64-linux/9.2.1/lto-wrapper]
  ignore line: [Target: aarch64-linux]
  ignore line: [Configured with: ../../../../../../work-shared/gcc-arm-9.2-r2019.12/gcc-arm-src-snapshot-9.2-2019.12/configure --build=x86_64-linux --host=aarch64-linux --target=aarch64-linux --prefix=/usr --exec_prefix=/usr --bindir=/usr/bin --sbindir=/usr/sbin --libexecdir=/usr/libexec --datadir=/usr/share --sysconfdir=/etc --sharedstatedir=/com --localstatedir=/var --libdir=/usr/lib --includedir=/usr/include --oldincludedir=/usr/include --infodir=/usr/share/info --mandir=/usr/share/man --disable-silent-rules --disable-dependency-tracking --with-libtool-sysroot=/ --with-gnu-ld --enable-shared --enable-languages=c,c++ --enable-threads=posix --disable-multilib --enable-c99 --enable-long-long --enable-symvers=gnu --enable-libstdcxx-pch --program-prefix=aarch64-none-linux-gnu- --without-local-prefix --disable-install-libiberty --enable-lto --disable-libssp --enable-libitm --disable-bootstrap --disable-libmudflap --with-system-zlib --with-linker-hash-style=gnu --enable-linker-build-id --with-ppl=no --with-cloog=no --enable-checking=release --enable-cheaders=c_global --without-isl --with-build-sysroot=/ --enable-nls --with-glibc-version=2.28 --enable-initfini-array --enable-__cxa_atexit]
  ignore line: [Thread model: posix]
  ignore line: [gcc version 9.2.1 20191025 (GCC) ]
  ignore line: [COMPILER_PATH=/usr/libexec/gcc/aarch64-linux/9.2.1/:/usr/libexec/gcc/aarch64-linux/9.2.1/:/usr/libexec/gcc/aarch64-linux/:/usr/lib/gcc/aarch64-linux/9.2.1/:/usr/lib/gcc/aarch64-linux/:/usr/lib/gcc/aarch64-linux/9.2.1/../../../../aarch64-linux/bin/]
  ignore line: [LIBRARY_PATH=/usr/lib/gcc/aarch64-linux/9.2.1/:/usr/lib/gcc/aarch64-linux/9.2.1/../../../aarch64-linux/9.2.1/:/usr/lib/gcc/aarch64-linux/9.2.1/../../../:/lib/:/usr/lib/aarch64-linux/9.2.1/:/usr/lib/]
  ignore line: [COLLECT_GCC_OPTIONS='-v' '-o' 'cmTC_3a169' '-shared-libgcc' '-mlittle-endian' '-mabi=lp64']
  link line: [ /usr/libexec/gcc/aarch64-linux/9.2.1/collect2 -plugin /usr/libexec/gcc/aarch64-linux/9.2.1/liblto_plugin.so -plugin-opt=/usr/libexec/gcc/aarch64-linux/9.2.1/lto-wrapper -plugin-opt=-fresolution=/tmp/cchciOlM.res -plugin-opt=-pass-through=-lgcc_s -plugin-opt=-pass-through=-lgcc -plugin-opt=-pass-through=-lc -plugin-opt=-pass-through=-lgcc_s -plugin-opt=-pass-through=-lgcc --build-id --eh-frame-hdr --hash-style=gnu -dynamic-linker /lib/ld-linux-aarch64.so.1 -X -EL -maarch64linux -o cmTC_3a169 /usr/lib/gcc/aarch64-linux/9.2.1/../../../crt1.o /usr/lib/gcc/aarch64-linux/9.2.1/../../../crti.o /usr/lib/gcc/aarch64-linux/9.2.1/../../../aarch64-linux/9.2.1/crtbegin.o -L/usr/lib/gcc/aarch64-linux/9.2.1 -L/usr/lib/gcc/aarch64-linux/9.2.1/../../../aarch64-linux/9.2.1 -L/usr/lib/gcc/aarch64-linux/9.2.1/../../.. -L/usr/lib/aarch64-linux/9.2.1 CMakeFiles/cmTC_3a169.dir/CMakeCXXCompilerABI.cpp.o -lstdc++ -lm -lgcc_s -lgcc -lc -lgcc_s -lgcc /usr/lib/gcc/aarch64-linux/9.2.1/../../../aarch64-linux/9.2.1/crtend.o /usr/lib/gcc/aarch64-linux/9.2.1/../../../crtn.o]
    arg [/usr/libexec/gcc/aarch64-linux/9.2.1/collect2] ==> ignore
    arg [-plugin] ==> ignore
    arg [/usr/libexec/gcc/aarch64-linux/9.2.1/liblto_plugin.so] ==> ignore
    arg [-plugin-opt=/usr/libexec/gcc/aarch64-linux/9.2.1/lto-wrapper] ==> ignore
    arg [-plugin-opt=-fresolution=/tmp/cchciOlM.res] ==> ignore
    arg [-plugin-opt=-pass-through=-lgcc_s] ==> ignore
    arg [-plugin-opt=-pass-through=-lgcc] ==> ignore
    arg [-plugin-opt=-pass-through=-lc] ==> ignore
    arg [-plugin-opt=-pass-through=-lgcc_s] ==> ignore
    arg [-plugin-opt=-pass-through=-lgcc] ==> ignore
    arg [--build-id] ==> ignore
    arg [--eh-frame-hdr] ==> ignore
    arg [--hash-style=gnu] ==> ignore
    arg [-dynamic-linker] ==> ignore
    arg [/lib/ld-linux-aarch64.so.1] ==> ignore
    arg [-X] ==> ignore
    arg [-EL] ==> ignore
    arg [-maarch64linux] ==> ignore
    arg [-o] ==> ignore
    arg [cmTC_3a169] ==> ignore
    arg [/usr/lib/gcc/aarch64-linux/9.2.1/../../../crt1.o] ==> ignore
    arg [/usr/lib/gcc/aarch64-linux/9.2.1/../../../crti.o] ==> ignore
    arg [/usr/lib/gcc/aarch64-linux/9.2.1/../../../aarch64-linux/9.2.1/crtbegin.o] ==> ignore
    arg [-L/usr/lib/gcc/aarch64-linux/9.2.1] ==> dir [/usr/lib/gcc/aarch64-linux/9.2.1]
    arg [-L/usr/lib/gcc/aarch64-linux/9.2.1/../../../aarch64-linux/9.2.1] ==> dir [/usr/lib/gcc/aarch64-linux/9.2.1/../../../aarch64-linux/9.2.1]
    arg [-L/usr/lib/gcc/aarch64-linux/9.2.1/../../..] ==> dir [/usr/lib/gcc/aarch64-linux/9.2.1/../../..]
    arg [-L/usr/lib/aarch64-linux/9.2.1] ==> dir [/usr/lib/aarch64-linux/9.2.1]
    arg [CMakeFiles/cmTC_3a169.dir/CMakeCXXCompilerABI.cpp.o] ==> ignore
    arg [-lstdc++] ==> lib [stdc++]
    arg [-lm] ==> lib [m]
    arg [-lgcc_s] ==> lib [gcc_s]
    arg [-lgcc] ==> lib [gcc]
    arg [-lc] ==> lib [c]
    arg [-lgcc_s] ==> lib [gcc_s]
    arg [-lgcc] ==> lib [gcc]
    arg [/usr/lib/gcc/aarch64-linux/9.2.1/../../../aarch64-linux/9.2.1/crtend.o] ==> ignore
    arg [/usr/lib/gcc/aarch64-linux/9.2.1/../../../crtn.o] ==> ignore
  collapse library dir [/usr/lib/gcc/aarch64-linux/9.2.1] ==> [/usr/lib/gcc/aarch64-linux/9.2.1]
  collapse library dir [/usr/lib/gcc/aarch64-linux/9.2.1/../../../aarch64-linux/9.2.1] ==> [/usr/lib/aarch64-linux/9.2.1]
  collapse library dir [/usr/lib/gcc/aarch64-linux/9.2.1/../../..] ==> [/usr/lib]
  collapse library dir [/usr/lib/aarch64-linux/9.2.1] ==> [/usr/lib/aarch64-linux/9.2.1]
  implicit libs: [stdc++;m;gcc_s;gcc;c;gcc_s;gcc]
  implicit dirs: [/usr/lib/gcc/aarch64-linux/9.2.1;/usr/lib/aarch64-linux/9.2.1;/usr/lib]
  implicit fwks: []


